Build started 9.5.2016. 17:26:20.
     1>Project "C:\Users\DOMI\Documents\Visual Studio 2013\Projects\PacmanGameProject\Pacman\Pacman.vcxproj" on node 2 (Build target(s)).
     1>ClCompile:
         C:\Program Files (x86)\Microsoft Visual Studio 12.0\VC\bin\CL.exe /c /ZI /nologo /W3 /WX- /sdl /Od /Oy- /D _MBCS /Gm /EHsc /RTC1 /MDd /GS /fp:precise /Zc:wchar_t /Zc:forScope /Fo"Debug\\" /Fd"Debug\vc120.pdb" /Gd /TP /analyze- /errorReport:prompt Factory\ScreenFactory.cpp Screens\DiedScreen.cpp
         DiedScreen.cpp
         Generating Code...
         Compiling...
         ScreenFactory.cpp
         Generating Code...
       Link:
         C:\Program Files (x86)\Microsoft Visual Studio 12.0\VC\bin\link.exe /ERRORREPORT:PROMPT /OUT:"C:\Users\DOMI\Documents\Visual Studio 2013\Projects\PacmanGameProject\Debug\Pacman.exe" /INCREMENTAL /NOLOGO SDL2.lib SDL2main.lib SDL2_image.lib SDL2_ttf.lib kernel32.lib user32.lib gdi32.lib winspool.lib comdlg32.lib advapi32.lib shell32.lib ole32.lib oleaut32.lib uuid.lib odbc32.lib odbccp32.lib /MANIFEST /MANIFESTUAC:"level='asInvoker' uiAccess='false'" /manifest:embed /DEBUG /PDB:"C:\Users\DOMI\Documents\Visual Studio 2013\Projects\PacmanGameProject\Debug\Pacman.pdb" /SUBSYSTEM:WINDOWS /TLBID:1 /DYNAMICBASE /NXCOMPAT /IMPLIB:"C:\Users\DOMI\Documents\Visual Studio 2013\Projects\PacmanGameProject\Debug\Pacman.lib" /MACHINE:X86 Debug\Ghost.obj
         Debug\Pacman.obj
         Debug\BlinkyAI.obj
         Debug\ClydeAI.obj
         Debug\GhostAI.obj
         Debug\InkyAI.obj
         Debug\PinkyAI.obj
         Debug\GameObjectFactory.obj
         Debug\GhostFactory.obj
         Debug\PacmanFactory.obj
         Debug\ScreenFactory.obj
         Debug\GhostGraphics.obj
         Debug\PacmanGraphics.obj
         Debug\Image.obj
         Debug\PacmanInput.obj
         Debug\Main.obj
         Debug\DotComponent.obj
         Debug\PowerUpComponent.obj
         Debug\TeleporterPhysics.obj
         Debug\PacmanMap.obj
         Debug\GhostPhysics.obj
         Debug\PacmanPhysics.obj
         Debug\DiedScreen.obj
         Debug\GameOverScreen.obj
         Debug\MainScreen.obj
         Debug\OptionsScreen.obj
         Debug\PauseScreen.obj
         Debug\PlayScreen.obj
         Debug\ScoresScreen.obj
         Debug\TransitionScreen.obj
         Debug\CollisionService.obj
         Debug\Font.obj
         Debug\Options.obj
         Debug\ScoresHandler.obj
         Debug\Timer.obj
         Pacman.vcxproj -> C:\Users\DOMI\Documents\Visual Studio 2013\Projects\PacmanGameProject\Debug\Pacman.exe
     1>Done Building Project "C:\Users\DOMI\Documents\Visual Studio 2013\Projects\PacmanGameProject\Pacman\Pacman.vcxproj" (Build target(s)).

Build succeeded.

Time Elapsed 00:00:05.18
